<?xml version="1.0" encoding="UTF-8"?>
<!-- Generated by org.testng.reporters.JUnitXMLReporter -->
<testsuite ignored="0" hostname="bcedbeecedcdbbeacdbfedabeccacdeceabdbbb-0" failures="2" tests="5" name="Surefire test" time="43.71" errors="0" timestamp="2023-08-23T13:57:01 UTC">
  <testcase classname="runner.Testcase1" name="productSearch" time="4.506">
    <failure type="java.lang.AssertionError" message="expected [true] but found [false]">
      <![CDATA[java.lang.AssertionError: expected [true] but found [false]
at runner.Testcase1.productSearch(Testcase1.java:53)
at java.base/java.util.ArrayList.forEach(ArrayList.java:1541)
... Removed 36 stack frames]]>
    </failure>
  </testcase> <!-- productSearch -->
  <testcase classname="runner.Testcase1" name="multipleSearchTest" time="3.573">
    <failure type="java.lang.AssertionError" message="expected [true] but found [false]">
      <![CDATA[java.lang.AssertionError: expected [true] but found [false]
at runner.Testcase1.multipleSearchTest(Testcase1.java:83)
at java.base/java.util.ArrayList.forEach(ArrayList.java:1541)
... Removed 36 stack frames]]>
    </failure>
  </testcase> <!-- multipleSearchTest -->
  <testcase classname="runner.Testcase1" name="multipleSearchTest" time="4.415"/>
  <testcase classname="runner.Testcase1" name="multipleSearchTest" time="3.562"/>
  <testcase classname="runner.Testcase1" name="addToCartTest" time="12.796"/>
</testsuite> <!-- Surefire test -->
